DEBUG - 2025-10-23 20:33:05 --> Session: Class initialized using 'CodeIgniter\Session\Handlers\FileHandler' driver.
DEBUG - 2025-10-23 20:33:05 --> Session: Class initialized using 'CodeIgniter\Session\Handlers\FileHandler' driver.
DEBUG - 2025-10-23 20:33:09 --> Session: Class initialized using 'CodeIgniter\Session\Handlers\FileHandler' driver.
DEBUG - 2025-10-23 20:39:00 --> Session: Class initialized using 'CodeIgniter\Session\Handlers\FileHandler' driver.
DEBUG - 2025-10-23 20:39:10 --> Session: Class initialized using 'CodeIgniter\Session\Handlers\FileHandler' driver.
DEBUG - 2025-10-23 20:39:18 --> Session: Class initialized using 'CodeIgniter\Session\Handlers\FileHandler' driver.
DEBUG - 2025-10-23 20:39:29 --> Session: Class initialized using 'CodeIgniter\Session\Handlers\FileHandler' driver.
DEBUG - 2025-10-23 20:39:29 --> Session: Class initialized using 'CodeIgniter\Session\Handlers\FileHandler' driver.
DEBUG - 2025-10-23 20:40:26 --> Session: Class initialized using 'CodeIgniter\Session\Handlers\FileHandler' driver.
DEBUG - 2025-10-23 20:42:31 --> Session: Class initialized using 'CodeIgniter\Session\Handlers\FileHandler' driver.
CRITICAL - 2025-10-23 20:42:31 --> ArgumentCountError: Too few arguments to function view(), 0 passed in C:\xampp\htdocs\GestiLibro\app\Controllers\BaseController.php on line 59 and at least 1 expected
[Method: GET, Route: login]
in SYSTEMPATH\Common.php on line 1155.
 1 APPPATH\Controllers\BaseController.php(59): view()
 2 SYSTEMPATH\CodeIgniter.php(904): App\Controllers\BaseController->initController(Object(CodeIgniter\HTTP\IncomingRequest), Object(CodeIgniter\HTTP\Response), Object(CodeIgniter\Log\Logger))
 3 SYSTEMPATH\CodeIgniter.php(498): CodeIgniter\CodeIgniter->createController()
 4 SYSTEMPATH\CodeIgniter.php(354): CodeIgniter\CodeIgniter->handleRequest(null, Object(Config\Cache), false)
 5 SYSTEMPATH\Boot.php(363): CodeIgniter\CodeIgniter->run()
 6 SYSTEMPATH\Boot.php(68): CodeIgniter\Boot::runCodeIgniter(Object(CodeIgniter\CodeIgniter))
 7 FCPATH\index.php(59): CodeIgniter\Boot::bootWeb(Object(Config\Paths))
DEBUG - 2025-10-23 20:43:13 --> Session: Class initialized using 'CodeIgniter\Session\Handlers\FileHandler' driver.
DEBUG - 2025-10-23 20:43:16 --> Session: Class initialized using 'CodeIgniter\Session\Handlers\FileHandler' driver.
DEBUG - 2025-10-23 20:43:16 --> Session: Class initialized using 'CodeIgniter\Session\Handlers\FileHandler' driver.
DEBUG - 2025-10-23 20:43:57 --> Session: Class initialized using 'CodeIgniter\Session\Handlers\FileHandler' driver.
DEBUG - 2025-10-23 20:44:03 --> Session: Class initialized using 'CodeIgniter\Session\Handlers\FileHandler' driver.
DEBUG - 2025-10-23 20:44:06 --> Session: Class initialized using 'CodeIgniter\Session\Handlers\FileHandler' driver.
DEBUG - 2025-10-23 20:44:06 --> Session: Class initialized using 'CodeIgniter\Session\Handlers\FileHandler' driver.
DEBUG - 2025-10-23 20:44:33 --> Session: Class initialized using 'CodeIgniter\Session\Handlers\FileHandler' driver.
DEBUG - 2025-10-23 20:46:18 --> Session: Class initialized using 'CodeIgniter\Session\Handlers\FileHandler' driver.
DEBUG - 2025-10-23 20:46:22 --> Session: Class initialized using 'CodeIgniter\Session\Handlers\FileHandler' driver.
DEBUG - 2025-10-23 20:46:25 --> Session: Class initialized using 'CodeIgniter\Session\Handlers\FileHandler' driver.
DEBUG - 2025-10-23 20:47:00 --> Session: Class initialized using 'CodeIgniter\Session\Handlers\FileHandler' driver.
DEBUG - 2025-10-23 20:48:20 --> Session: Class initialized using 'CodeIgniter\Session\Handlers\FileHandler' driver.
CRITICAL - 2025-10-23 20:48:20 --> ErrorException: Undefined array key "name"
[Method: POST, Route: login/auth]
in APPPATH\Libraries\AuthUser.php on line 34.
 1 APPPATH\Libraries\AuthUser.php(34): CodeIgniter\Debug\Exceptions->errorHandler(2, 'Undefined array key "name"', 'C:\\xampp\\htdocs\\GestiLibro\\app\\Libraries\\AuthUser.php', 34)
 2 APPPATH\Controllers\Login.php(24): App\Libraries\AuthUser->setUser([...])
 3 SYSTEMPATH\CodeIgniter.php(933): App\Controllers\Login->auth()
 4 SYSTEMPATH\CodeIgniter.php(507): CodeIgniter\CodeIgniter->runController(Object(App\Controllers\Login))
 5 SYSTEMPATH\CodeIgniter.php(354): CodeIgniter\CodeIgniter->handleRequest(null, Object(Config\Cache), false)
 6 SYSTEMPATH\Boot.php(363): CodeIgniter\CodeIgniter->run()
 7 SYSTEMPATH\Boot.php(68): CodeIgniter\Boot::runCodeIgniter(Object(CodeIgniter\CodeIgniter))
 8 FCPATH\index.php(59): CodeIgniter\Boot::bootWeb(Object(Config\Paths))
DEBUG - 2025-10-23 20:48:28 --> Session: Class initialized using 'CodeIgniter\Session\Handlers\FileHandler' driver.
DEBUG - 2025-10-23 20:49:18 --> Session: Class initialized using 'CodeIgniter\Session\Handlers\FileHandler' driver.
DEBUG - 2025-10-23 20:49:18 --> Session: Class initialized using 'CodeIgniter\Session\Handlers\FileHandler' driver.
DEBUG - 2025-10-23 20:51:33 --> Session: Class initialized using 'CodeIgniter\Session\Handlers\FileHandler' driver.
DEBUG - 2025-10-23 20:51:47 --> Session: Class initialized using 'CodeIgniter\Session\Handlers\FileHandler' driver.
DEBUG - 2025-10-23 20:51:50 --> Session: Class initialized using 'CodeIgniter\Session\Handlers\FileHandler' driver.
DEBUG - 2025-10-23 20:51:53 --> Session: Class initialized using 'CodeIgniter\Session\Handlers\FileHandler' driver.
DEBUG - 2025-10-23 20:51:59 --> Session: Class initialized using 'CodeIgniter\Session\Handlers\FileHandler' driver.
DEBUG - 2025-10-23 20:52:00 --> Session: Class initialized using 'CodeIgniter\Session\Handlers\FileHandler' driver.
DEBUG - 2025-10-23 20:52:01 --> Session: Class initialized using 'CodeIgniter\Session\Handlers\FileHandler' driver.
DEBUG - 2025-10-23 20:52:11 --> Session: Class initialized using 'CodeIgniter\Session\Handlers\FileHandler' driver.
DEBUG - 2025-10-23 20:52:11 --> Session: Class initialized using 'CodeIgniter\Session\Handlers\FileHandler' driver.
DEBUG - 2025-10-23 21:11:59 --> Session: Class initialized using 'CodeIgniter\Session\Handlers\FileHandler' driver.
DEBUG - 2025-10-23 21:12:05 --> Session: Class initialized using 'CodeIgniter\Session\Handlers\FileHandler' driver.
DEBUG - 2025-10-23 21:12:12 --> Session: Class initialized using 'CodeIgniter\Session\Handlers\FileHandler' driver.
DEBUG - 2025-10-23 21:12:18 --> Session: Class initialized using 'CodeIgniter\Session\Handlers\FileHandler' driver.
DEBUG - 2025-10-23 21:12:19 --> Session: Class initialized using 'CodeIgniter\Session\Handlers\FileHandler' driver.
DEBUG - 2025-10-23 21:13:35 --> Session: Class initialized using 'CodeIgniter\Session\Handlers\FileHandler' driver.
DEBUG - 2025-10-23 21:13:37 --> Session: Class initialized using 'CodeIgniter\Session\Handlers\FileHandler' driver.
CRITICAL - 2025-10-23 21:13:37 --> Error: Non-static method App\Observers\AuditObserver::onUserLoggedIn() cannot be called statically
[Method: POST, Route: login/auth]
in SYSTEMPATH\Events\Events.php on line 152.
 1 APPPATH\Controllers\Login.php(27): CodeIgniter\Events\Events::trigger('userLoggedIn', Object(App\Events\LoginEvent))
 2 SYSTEMPATH\CodeIgniter.php(933): App\Controllers\Login->auth()
 3 SYSTEMPATH\CodeIgniter.php(507): CodeIgniter\CodeIgniter->runController(Object(App\Controllers\Login))
 4 SYSTEMPATH\CodeIgniter.php(354): CodeIgniter\CodeIgniter->handleRequest(null, Object(Config\Cache), false)
 5 SYSTEMPATH\Boot.php(363): CodeIgniter\CodeIgniter->run()
 6 SYSTEMPATH\Boot.php(68): CodeIgniter\Boot::runCodeIgniter(Object(CodeIgniter\CodeIgniter))
 7 FCPATH\index.php(59): CodeIgniter\Boot::bootWeb(Object(Config\Paths))
DEBUG - 2025-10-23 21:15:18 --> Session: Class initialized using 'CodeIgniter\Session\Handlers\FileHandler' driver.
CRITICAL - 2025-10-23 21:15:18 --> TypeError: App\Observers\AuditObserver::onUserLoggedIn(): Argument #1 ($event) must be of type App\Observers\LoginEvent, array given, called in C:\xampp\htdocs\GestiLibro\app\Controllers\Login.php on line 28
[Method: POST, Route: login/auth]
in APPPATH\Observers\AuditObserver.php on line 22.
 1 APPPATH\Controllers\Login.php(28): App\Observers\AuditObserver::onUserLoggedIn([...])
 2 SYSTEMPATH\CodeIgniter.php(933): App\Controllers\Login->auth()
 3 SYSTEMPATH\CodeIgniter.php(507): CodeIgniter\CodeIgniter->runController(Object(App\Controllers\Login))
 4 SYSTEMPATH\CodeIgniter.php(354): CodeIgniter\CodeIgniter->handleRequest(null, Object(Config\Cache), false)
 5 SYSTEMPATH\Boot.php(363): CodeIgniter\CodeIgniter->run()
 6 SYSTEMPATH\Boot.php(68): CodeIgniter\Boot::runCodeIgniter(Object(CodeIgniter\CodeIgniter))
 7 FCPATH\index.php(59): CodeIgniter\Boot::bootWeb(Object(Config\Paths))
DEBUG - 2025-10-23 21:16:40 --> Session: Class initialized using 'CodeIgniter\Session\Handlers\FileHandler' driver.
CRITICAL - 2025-10-23 21:16:40 --> ErrorException: Attempt to read property "username" on array
[Method: POST, Route: login/auth]
in APPPATH\Observers\AuditObserver.php on line 28.
 1 APPPATH\Observers\AuditObserver.php(28): CodeIgniter\Debug\Exceptions->errorHandler(2, 'Attempt to read property "username" on array', 'C:\\xampp\\htdocs\\GestiLibro\\app\\Observers\\AuditObserver.php', 28)
 2 APPPATH\Controllers\Login.php(28): App\Observers\AuditObserver::onUserLoggedIn([...])
 3 SYSTEMPATH\CodeIgniter.php(933): App\Controllers\Login->auth()
 4 SYSTEMPATH\CodeIgniter.php(507): CodeIgniter\CodeIgniter->runController(Object(App\Controllers\Login))
 5 SYSTEMPATH\CodeIgniter.php(354): CodeIgniter\CodeIgniter->handleRequest(null, Object(Config\Cache), false)
 6 SYSTEMPATH\Boot.php(363): CodeIgniter\CodeIgniter->run()
 7 SYSTEMPATH\Boot.php(68): CodeIgniter\Boot::runCodeIgniter(Object(CodeIgniter\CodeIgniter))
 8 FCPATH\index.php(59): CodeIgniter\Boot::bootWeb(Object(Config\Paths))
DEBUG - 2025-10-23 21:16:55 --> Session: Class initialized using 'CodeIgniter\Session\Handlers\FileHandler' driver.
DEBUG - 2025-10-23 21:17:15 --> Session: Class initialized using 'CodeIgniter\Session\Handlers\FileHandler' driver.
DEBUG - 2025-10-23 21:17:22 --> Session: Class initialized using 'CodeIgniter\Session\Handlers\FileHandler' driver.
ERROR - 2025-10-23 21:17:22 --> mysqli_sql_exception: Unknown column 'usuario' in 'field list' in C:\xampp\htdocs\GestiLibro\system\Database\MySQLi\Connection.php:327
Stack trace:
#0 C:\xampp\htdocs\GestiLibro\system\Database\MySQLi\Connection.php(327): mysqli->query('INSERT INTO `Au...', 0)
#1 C:\xampp\htdocs\GestiLibro\system\Database\BaseConnection.php(729): CodeIgniter\Database\MySQLi\Connection->execute('INSERT INTO `Au...')
#2 C:\xampp\htdocs\GestiLibro\system\Database\BaseConnection.php(646): CodeIgniter\Database\BaseConnection->simpleQuery('INSERT INTO `Au...')
#3 C:\xampp\htdocs\GestiLibro\system\Database\BaseBuilder.php(2345): CodeIgniter\Database\BaseConnection->query('INSERT INTO `Au...', Array, false)
#4 C:\xampp\htdocs\GestiLibro\app\Observers\AuditObserver.php(26): CodeIgniter\Database\BaseBuilder->insert(Array)
#5 C:\xampp\htdocs\GestiLibro\app\Controllers\Login.php(28): App\Observers\AuditObserver::onUserLoggedIn(Array)
#6 C:\xampp\htdocs\GestiLibro\system\CodeIgniter.php(933): App\Controllers\Login->auth()
#7 C:\xampp\htdocs\GestiLibro\system\CodeIgniter.php(507): CodeIgniter\CodeIgniter->runController(Object(App\Controllers\Login))
#8 C:\xampp\htdocs\GestiLibro\system\CodeIgniter.php(354): CodeIgniter\CodeIgniter->handleRequest(NULL, Object(Config\Cache), false)
#9 C:\xampp\htdocs\GestiLibro\system\Boot.php(363): CodeIgniter\CodeIgniter->run()
#10 C:\xampp\htdocs\GestiLibro\system\Boot.php(68): CodeIgniter\Boot::runCodeIgniter(Object(CodeIgniter\CodeIgniter))
#11 C:\xampp\htdocs\GestiLibro\public\index.php(59): CodeIgniter\Boot::bootWeb(Object(Config\Paths))
#12 {main}
CRITICAL - 2025-10-23 21:17:22 --> CodeIgniter\Database\Exceptions\DatabaseException: Unknown column 'usuario' in 'field list'
[Method: POST, Route: login/auth]
in SYSTEMPATH\Database\BaseConnection.php on line 684.
 1 SYSTEMPATH\Database\BaseBuilder.php(2345): CodeIgniter\Database\BaseConnection->query('INSERT INTO `Auditoria` (`accion`, `usuario`, `fecha`, `detalles`) VALUES (:accion:, :usuario:, :fecha:, :detalles:)', [...], false)
 2 APPPATH\Observers\AuditObserver.php(26): CodeIgniter\Database\BaseBuilder->insert([...])
 3 APPPATH\Controllers\Login.php(28): App\Observers\AuditObserver::onUserLoggedIn([...])
 4 SYSTEMPATH\CodeIgniter.php(933): App\Controllers\Login->auth()
 5 SYSTEMPATH\CodeIgniter.php(507): CodeIgniter\CodeIgniter->runController(Object(App\Controllers\Login))
 6 SYSTEMPATH\CodeIgniter.php(354): CodeIgniter\CodeIgniter->handleRequest(null, Object(Config\Cache), false)
 7 SYSTEMPATH\Boot.php(363): CodeIgniter\CodeIgniter->run()
 8 SYSTEMPATH\Boot.php(68): CodeIgniter\Boot::runCodeIgniter(Object(CodeIgniter\CodeIgniter))
 9 FCPATH\index.php(59): CodeIgniter\Boot::bootWeb(Object(Config\Paths))
CRITICAL - 2025-10-23 21:17:22 --> [Caused by] CodeIgniter\Database\Exceptions\DatabaseException: Unknown column 'usuario' in 'field list'
in SYSTEMPATH\Database\MySQLi\Connection.php on line 332.
 1 SYSTEMPATH\Database\BaseConnection.php(729): CodeIgniter\Database\MySQLi\Connection->execute('INSERT INTO `Auditoria` (`accion`, `usuario`, `fecha`, `detalles`) VALUES (\'login\', \'nmur123\', \'2025-10-23 21:17:22\', \'{\\"id_usuario\\":\\"2\\",\\"nombre\\":\\"nicolas\\",\\"apellido\\":\\"prueba\\",\\"correo\\":\\"nmur@gmail.com\\",\\"contrasena\\":\\"123\\",\\"id_rol\\":\\"1\\",\\"username\\":\\"nmur123\\"}\')')
 2 SYSTEMPATH\Database\BaseConnection.php(646): CodeIgniter\Database\BaseConnection->simpleQuery('INSERT INTO `Auditoria` (`accion`, `usuario`, `fecha`, `detalles`) VALUES (\'login\', \'nmur123\', \'2025-10-23 21:17:22\', \'{\\"id_usuario\\":\\"2\\",\\"nombre\\":\\"nicolas\\",\\"apellido\\":\\"prueba\\",\\"correo\\":\\"nmur@gmail.com\\",\\"contrasena\\":\\"123\\",\\"id_rol\\":\\"1\\",\\"username\\":\\"nmur123\\"}\')')
 3 SYSTEMPATH\Database\BaseBuilder.php(2345): CodeIgniter\Database\BaseConnection->query('INSERT INTO `Auditoria` (`accion`, `usuario`, `fecha`, `detalles`) VALUES (:accion:, :usuario:, :fecha:, :detalles:)', [...], false)
 4 APPPATH\Observers\AuditObserver.php(26): CodeIgniter\Database\BaseBuilder->insert([...])
 5 APPPATH\Controllers\Login.php(28): App\Observers\AuditObserver::onUserLoggedIn([...])
 6 SYSTEMPATH\CodeIgniter.php(933): App\Controllers\Login->auth()
 7 SYSTEMPATH\CodeIgniter.php(507): CodeIgniter\CodeIgniter->runController(Object(App\Controllers\Login))
 8 SYSTEMPATH\CodeIgniter.php(354): CodeIgniter\CodeIgniter->handleRequest(null, Object(Config\Cache), false)
 9 SYSTEMPATH\Boot.php(363): CodeIgniter\CodeIgniter->run()
10 SYSTEMPATH\Boot.php(68): CodeIgniter\Boot::runCodeIgniter(Object(CodeIgniter\CodeIgniter))
11 FCPATH\index.php(59): CodeIgniter\Boot::bootWeb(Object(Config\Paths))
CRITICAL - 2025-10-23 21:17:22 --> [Caused by] mysqli_sql_exception: Unknown column 'usuario' in 'field list'
in SYSTEMPATH\Database\MySQLi\Connection.php on line 327.
 1 SYSTEMPATH\Database\MySQLi\Connection.php(327): mysqli->query('INSERT INTO `Auditoria` (`accion`, `usuario`, `fecha`, `detalles`) VALUES (\'login\', \'nmur123\', \'2025-10-23 21:17:22\', \'{\\"id_usuario\\":\\"2\\",\\"nombre\\":\\"nicolas\\",\\"apellido\\":\\"prueba\\",\\"correo\\":\\"nmur@gmail.com\\",\\"contrasena\\":\\"123\\",\\"id_rol\\":\\"1\\",\\"username\\":\\"nmur123\\"}\')', 0)
 2 SYSTEMPATH\Database\BaseConnection.php(729): CodeIgniter\Database\MySQLi\Connection->execute('INSERT INTO `Auditoria` (`accion`, `usuario`, `fecha`, `detalles`) VALUES (\'login\', \'nmur123\', \'2025-10-23 21:17:22\', \'{\\"id_usuario\\":\\"2\\",\\"nombre\\":\\"nicolas\\",\\"apellido\\":\\"prueba\\",\\"correo\\":\\"nmur@gmail.com\\",\\"contrasena\\":\\"123\\",\\"id_rol\\":\\"1\\",\\"username\\":\\"nmur123\\"}\')')
 3 SYSTEMPATH\Database\BaseConnection.php(646): CodeIgniter\Database\BaseConnection->simpleQuery('INSERT INTO `Auditoria` (`accion`, `usuario`, `fecha`, `detalles`) VALUES (\'login\', \'nmur123\', \'2025-10-23 21:17:22\', \'{\\"id_usuario\\":\\"2\\",\\"nombre\\":\\"nicolas\\",\\"apellido\\":\\"prueba\\",\\"correo\\":\\"nmur@gmail.com\\",\\"contrasena\\":\\"123\\",\\"id_rol\\":\\"1\\",\\"username\\":\\"nmur123\\"}\')')
 4 SYSTEMPATH\Database\BaseBuilder.php(2345): CodeIgniter\Database\BaseConnection->query('INSERT INTO `Auditoria` (`accion`, `usuario`, `fecha`, `detalles`) VALUES (:accion:, :usuario:, :fecha:, :detalles:)', [...], false)
 5 APPPATH\Observers\AuditObserver.php(26): CodeIgniter\Database\BaseBuilder->insert([...])
 6 APPPATH\Controllers\Login.php(28): App\Observers\AuditObserver::onUserLoggedIn([...])
 7 SYSTEMPATH\CodeIgniter.php(933): App\Controllers\Login->auth()
 8 SYSTEMPATH\CodeIgniter.php(507): CodeIgniter\CodeIgniter->runController(Object(App\Controllers\Login))
 9 SYSTEMPATH\CodeIgniter.php(354): CodeIgniter\CodeIgniter->handleRequest(null, Object(Config\Cache), false)
10 SYSTEMPATH\Boot.php(363): CodeIgniter\CodeIgniter->run()
11 SYSTEMPATH\Boot.php(68): CodeIgniter\Boot::runCodeIgniter(Object(CodeIgniter\CodeIgniter))
12 FCPATH\index.php(59): CodeIgniter\Boot::bootWeb(Object(Config\Paths))
DEBUG - 2025-10-23 21:19:09 --> Session: Class initialized using 'CodeIgniter\Session\Handlers\FileHandler' driver.
CRITICAL - 2025-10-23 21:19:09 --> ErrorException: Undefined array key "usuario_id"
[Method: POST, Route: login/auth]
in APPPATH\Observers\AuditObserver.php on line 28.
 1 APPPATH\Observers\AuditObserver.php(28): CodeIgniter\Debug\Exceptions->errorHandler(2, 'Undefined array key "usuario_id"', 'C:\\xampp\\htdocs\\GestiLibro\\app\\Observers\\AuditObserver.php', 28)
 2 APPPATH\Controllers\Login.php(28): App\Observers\AuditObserver::onUserLoggedIn([...])
 3 SYSTEMPATH\CodeIgniter.php(933): App\Controllers\Login->auth()
 4 SYSTEMPATH\CodeIgniter.php(507): CodeIgniter\CodeIgniter->runController(Object(App\Controllers\Login))
 5 SYSTEMPATH\CodeIgniter.php(354): CodeIgniter\CodeIgniter->handleRequest(null, Object(Config\Cache), false)
 6 SYSTEMPATH\Boot.php(363): CodeIgniter\CodeIgniter->run()
 7 SYSTEMPATH\Boot.php(68): CodeIgniter\Boot::runCodeIgniter(Object(CodeIgniter\CodeIgniter))
 8 FCPATH\index.php(59): CodeIgniter\Boot::bootWeb(Object(Config\Paths))
DEBUG - 2025-10-23 21:19:32 --> Session: Class initialized using 'CodeIgniter\Session\Handlers\FileHandler' driver.
ERROR - 2025-10-23 21:19:32 --> mysqli_sql_exception: Unknown column 'user_id' in 'field list' in C:\xampp\htdocs\GestiLibro\system\Database\MySQLi\Connection.php:327
Stack trace:
#0 C:\xampp\htdocs\GestiLibro\system\Database\MySQLi\Connection.php(327): mysqli->query('INSERT INTO `Au...', 0)
#1 C:\xampp\htdocs\GestiLibro\system\Database\BaseConnection.php(729): CodeIgniter\Database\MySQLi\Connection->execute('INSERT INTO `Au...')
#2 C:\xampp\htdocs\GestiLibro\system\Database\BaseConnection.php(646): CodeIgniter\Database\BaseConnection->simpleQuery('INSERT INTO `Au...')
#3 C:\xampp\htdocs\GestiLibro\system\Database\BaseBuilder.php(2345): CodeIgniter\Database\BaseConnection->query('INSERT INTO `Au...', Array, false)
#4 C:\xampp\htdocs\GestiLibro\app\Observers\AuditObserver.php(26): CodeIgniter\Database\BaseBuilder->insert(Array)
#5 C:\xampp\htdocs\GestiLibro\app\Controllers\Login.php(28): App\Observers\AuditObserver::onUserLoggedIn(Array)
#6 C:\xampp\htdocs\GestiLibro\system\CodeIgniter.php(933): App\Controllers\Login->auth()
#7 C:\xampp\htdocs\GestiLibro\system\CodeIgniter.php(507): CodeIgniter\CodeIgniter->runController(Object(App\Controllers\Login))
#8 C:\xampp\htdocs\GestiLibro\system\CodeIgniter.php(354): CodeIgniter\CodeIgniter->handleRequest(NULL, Object(Config\Cache), false)
#9 C:\xampp\htdocs\GestiLibro\system\Boot.php(363): CodeIgniter\CodeIgniter->run()
#10 C:\xampp\htdocs\GestiLibro\system\Boot.php(68): CodeIgniter\Boot::runCodeIgniter(Object(CodeIgniter\CodeIgniter))
#11 C:\xampp\htdocs\GestiLibro\public\index.php(59): CodeIgniter\Boot::bootWeb(Object(Config\Paths))
#12 {main}
CRITICAL - 2025-10-23 21:19:32 --> CodeIgniter\Database\Exceptions\DatabaseException: Unknown column 'user_id' in 'field list'
[Method: POST, Route: login/auth]
in SYSTEMPATH\Database\BaseConnection.php on line 684.
 1 SYSTEMPATH\Database\BaseBuilder.php(2345): CodeIgniter\Database\BaseConnection->query('INSERT INTO `Auditoria` (`accion`, `user_id`, `fecha`, `detalle`) VALUES (:accion:, :user_id:, :fecha:, :detalle:)', [...], false)
 2 APPPATH\Observers\AuditObserver.php(26): CodeIgniter\Database\BaseBuilder->insert([...])
 3 APPPATH\Controllers\Login.php(28): App\Observers\AuditObserver::onUserLoggedIn([...])
 4 SYSTEMPATH\CodeIgniter.php(933): App\Controllers\Login->auth()
 5 SYSTEMPATH\CodeIgniter.php(507): CodeIgniter\CodeIgniter->runController(Object(App\Controllers\Login))
 6 SYSTEMPATH\CodeIgniter.php(354): CodeIgniter\CodeIgniter->handleRequest(null, Object(Config\Cache), false)
 7 SYSTEMPATH\Boot.php(363): CodeIgniter\CodeIgniter->run()
 8 SYSTEMPATH\Boot.php(68): CodeIgniter\Boot::runCodeIgniter(Object(CodeIgniter\CodeIgniter))
 9 FCPATH\index.php(59): CodeIgniter\Boot::bootWeb(Object(Config\Paths))
CRITICAL - 2025-10-23 21:19:32 --> [Caused by] CodeIgniter\Database\Exceptions\DatabaseException: Unknown column 'user_id' in 'field list'
in SYSTEMPATH\Database\MySQLi\Connection.php on line 332.
 1 SYSTEMPATH\Database\BaseConnection.php(729): CodeIgniter\Database\MySQLi\Connection->execute('INSERT INTO `Auditoria` (`accion`, `user_id`, `fecha`, `detalle`) VALUES (\'login\', \'2\', \'2025-10-23 21:19:32\', \'{\\"id_usuario\\":\\"2\\",\\"nombre\\":\\"nicolas\\",\\"apellido\\":\\"prueba\\",\\"correo\\":\\"nmur@gmail.com\\",\\"contrasena\\":\\"123\\",\\"id_rol\\":\\"1\\",\\"username\\":\\"nmur123\\"}\')')
 2 SYSTEMPATH\Database\BaseConnection.php(646): CodeIgniter\Database\BaseConnection->simpleQuery('INSERT INTO `Auditoria` (`accion`, `user_id`, `fecha`, `detalle`) VALUES (\'login\', \'2\', \'2025-10-23 21:19:32\', \'{\\"id_usuario\\":\\"2\\",\\"nombre\\":\\"nicolas\\",\\"apellido\\":\\"prueba\\",\\"correo\\":\\"nmur@gmail.com\\",\\"contrasena\\":\\"123\\",\\"id_rol\\":\\"1\\",\\"username\\":\\"nmur123\\"}\')')
 3 SYSTEMPATH\Database\BaseBuilder.php(2345): CodeIgniter\Database\BaseConnection->query('INSERT INTO `Auditoria` (`accion`, `user_id`, `fecha`, `detalle`) VALUES (:accion:, :user_id:, :fecha:, :detalle:)', [...], false)
 4 APPPATH\Observers\AuditObserver.php(26): CodeIgniter\Database\BaseBuilder->insert([...])
 5 APPPATH\Controllers\Login.php(28): App\Observers\AuditObserver::onUserLoggedIn([...])
 6 SYSTEMPATH\CodeIgniter.php(933): App\Controllers\Login->auth()
 7 SYSTEMPATH\CodeIgniter.php(507): CodeIgniter\CodeIgniter->runController(Object(App\Controllers\Login))
 8 SYSTEMPATH\CodeIgniter.php(354): CodeIgniter\CodeIgniter->handleRequest(null, Object(Config\Cache), false)
 9 SYSTEMPATH\Boot.php(363): CodeIgniter\CodeIgniter->run()
10 SYSTEMPATH\Boot.php(68): CodeIgniter\Boot::runCodeIgniter(Object(CodeIgniter\CodeIgniter))
11 FCPATH\index.php(59): CodeIgniter\Boot::bootWeb(Object(Config\Paths))
CRITICAL - 2025-10-23 21:19:32 --> [Caused by] mysqli_sql_exception: Unknown column 'user_id' in 'field list'
in SYSTEMPATH\Database\MySQLi\Connection.php on line 327.
 1 SYSTEMPATH\Database\MySQLi\Connection.php(327): mysqli->query('INSERT INTO `Auditoria` (`accion`, `user_id`, `fecha`, `detalle`) VALUES (\'login\', \'2\', \'2025-10-23 21:19:32\', \'{\\"id_usuario\\":\\"2\\",\\"nombre\\":\\"nicolas\\",\\"apellido\\":\\"prueba\\",\\"correo\\":\\"nmur@gmail.com\\",\\"contrasena\\":\\"123\\",\\"id_rol\\":\\"1\\",\\"username\\":\\"nmur123\\"}\')', 0)
 2 SYSTEMPATH\Database\BaseConnection.php(729): CodeIgniter\Database\MySQLi\Connection->execute('INSERT INTO `Auditoria` (`accion`, `user_id`, `fecha`, `detalle`) VALUES (\'login\', \'2\', \'2025-10-23 21:19:32\', \'{\\"id_usuario\\":\\"2\\",\\"nombre\\":\\"nicolas\\",\\"apellido\\":\\"prueba\\",\\"correo\\":\\"nmur@gmail.com\\",\\"contrasena\\":\\"123\\",\\"id_rol\\":\\"1\\",\\"username\\":\\"nmur123\\"}\')')
 3 SYSTEMPATH\Database\BaseConnection.php(646): CodeIgniter\Database\BaseConnection->simpleQuery('INSERT INTO `Auditoria` (`accion`, `user_id`, `fecha`, `detalle`) VALUES (\'login\', \'2\', \'2025-10-23 21:19:32\', \'{\\"id_usuario\\":\\"2\\",\\"nombre\\":\\"nicolas\\",\\"apellido\\":\\"prueba\\",\\"correo\\":\\"nmur@gmail.com\\",\\"contrasena\\":\\"123\\",\\"id_rol\\":\\"1\\",\\"username\\":\\"nmur123\\"}\')')
 4 SYSTEMPATH\Database\BaseBuilder.php(2345): CodeIgniter\Database\BaseConnection->query('INSERT INTO `Auditoria` (`accion`, `user_id`, `fecha`, `detalle`) VALUES (:accion:, :user_id:, :fecha:, :detalle:)', [...], false)
 5 APPPATH\Observers\AuditObserver.php(26): CodeIgniter\Database\BaseBuilder->insert([...])
 6 APPPATH\Controllers\Login.php(28): App\Observers\AuditObserver::onUserLoggedIn([...])
 7 SYSTEMPATH\CodeIgniter.php(933): App\Controllers\Login->auth()
 8 SYSTEMPATH\CodeIgniter.php(507): CodeIgniter\CodeIgniter->runController(Object(App\Controllers\Login))
 9 SYSTEMPATH\CodeIgniter.php(354): CodeIgniter\CodeIgniter->handleRequest(null, Object(Config\Cache), false)
10 SYSTEMPATH\Boot.php(363): CodeIgniter\CodeIgniter->run()
11 SYSTEMPATH\Boot.php(68): CodeIgniter\Boot::runCodeIgniter(Object(CodeIgniter\CodeIgniter))
12 FCPATH\index.php(59): CodeIgniter\Boot::bootWeb(Object(Config\Paths))
DEBUG - 2025-10-23 21:19:41 --> Session: Class initialized using 'CodeIgniter\Session\Handlers\FileHandler' driver.
DEBUG - 2025-10-23 21:19:41 --> Session: Class initialized using 'CodeIgniter\Session\Handlers\FileHandler' driver.
